<?xml version="1.0" encoding="UTF-8"?>
<testsuite xmlns:xsi="http://www.w3.org/2001/XMLSchema-instance" xsi:noNamespaceSchemaLocation="https://maven.apache.org/surefire/maven-surefire-plugin/xsd/surefire-test-report-3.0.xsd" version="3.0" name="TestSuite" time="41.013" tests="4" errors="0" skipped="0" failures="2">
  <properties>
[...]
</properties>
  <testcase name="runScenario[&quot;Verify login functionality for Invalid credentials message&quot;, &quot;Login Page OrangeHRM&quot;](1)" classname="com.framework.runners.TestRunner" time="38.523">
    <failure message="The following asserts failed:&#10;	Expected error message: Unable to login but found: Invalid credentials expected [true] but found [false]" type="java.lang.AssertionError"><![CDATA[java.lang.AssertionError: 
The following asserts failed:
	Expected error message: Unable to login but found: Invalid credentials expected [true] but found [false]
	at org.testng.asserts.SoftAssert.assertAll(SoftAssert.java:46)
	at org.testng.asserts.SoftAssert.assertAll(SoftAssert.java:30)
	at com.framework.utils.SoftAssertManager.assertAll(SoftAssertManager.java:103)
	at com.framework.stepdefinitions.Hooks.tearDown(Hooks.java:31)
]]></failure>
    <system-out><![CDATA[>>> Running with tags: @smoke
>>> Threads: 4
>>> Browser: chrome
>>> Env: Preprod

@smoke
Scenario: Verify login functionality for Invalid credentials message # src/test/resources/features/login.feature:16

@smoke
Scenario: Verify user not navigated to dashboard page if uses Invalid credentials # src/test/resources/features/login.feature:22

@smoke
Scenario: Verify login functionality for Invalid credentials       # src/test/resources/features/login.feature:10

@smoke
Scenario: Verify login functionality for valid credentials            # src/test/resources/features/login.feature:4
Running in : >> chrome
Running in : >> chrome
Running in : >> chrome
Running in : >> chrome
Thread ID: 35
Launching the application.............
  Given User launches the application                                 # com.framework.stepdefinitions.LoginSteps.user_launches_the_application()
Thread ID: 37
Launching the application.............
  Given User launches the application                                # com.framework.stepdefinitions.LoginSteps.user_launches_the_application()
Thread ID: 38
Launching the application.............
  Given User launches the application                                             # com.framework.stepdefinitions.LoginSteps.user_launches_the_application()
  When User login with username as "Admin" and password as "admin"   # com.framework.stepdefinitions.LoginSteps.user_login_with_username_and_password(java.lang.String,java.lang.String)
Thread ID: 36
Launching the application.............
  Given User launches the application                              # com.framework.stepdefinitions.LoginSteps.user_launches_the_application()
  When User login with username as "Admin" and password as "admin123" # com.framework.stepdefinitions.LoginSteps.user_login_with_username_and_password(java.lang.String,java.lang.String)
  When User login with username as "Admin" and password as "Test"                 # com.framework.stepdefinitions.LoginSteps.user_login_with_username_and_password(java.lang.String,java.lang.String)
  Then User should see "Unable to login" error message               # com.framework.stepdefinitions.LoginSteps.user_should_see_error_message(java.lang.String)

    Embedding Verify login functionality for Invalid credentials message_20251021_193831 [image/png 62017 bytes]

  When User login with username as "Admin" and password as "admin" # com.framework.stepdefinitions.LoginSteps.user_login_with_username_and_password(java.lang.String,java.lang.String)
  Then User should see the dashboard                                              # com.framework.stepdefinitions.DashboardSteps.user_should_see_the_dashboard()
  Then User should see "Invalid credentials" error message         # com.framework.stepdefinitions.LoginSteps.user_should_see_error_message(java.lang.String)

    Embedding Verify user not navigated to dashboard page if uses Invalid credentials_20251021_193832 [image/png 62017 bytes]

  Then User should see the dashboard                                  # com.framework.stepdefinitions.DashboardSteps.user_should_see_the_dashboard()
      java.lang.AssertionError: The following asserts failed:
	Expected error message: Unable to login but found: Invalid credentials expected [true] but found [false]
	at org.testng.asserts.SoftAssert.assertAll(SoftAssert.java:46)
	at org.testng.asserts.SoftAssert.assertAll(SoftAssert.java:30)
	at com.framework.utils.SoftAssertManager.assertAll(SoftAssertManager.java:103)
	at com.framework.stepdefinitions.Hooks.tearDown(Hooks.java:31)

]]></system-out>
  </testcase>
  <testcase name="runScenario[&quot;Verify login functionality for Invalid credentials&quot;, &quot;Login Page OrangeHRM&quot;](2)" classname="com.framework.runners.TestRunner" time="38.638"/>
  <testcase name="runScenario[&quot;Verify user not navigated to dashboard page if uses Invalid credentials&quot;, &quot;Login Page OrangeHRM&quot;](3)" classname="com.framework.runners.TestRunner" time="38.797">
    <failure message="The following asserts failed:&#10;	Dashboard page is not visible expected [true] but found [false]" type="java.lang.AssertionError"><![CDATA[java.lang.AssertionError: 
The following asserts failed:
	Dashboard page is not visible expected [true] but found [false]
	at org.testng.asserts.SoftAssert.assertAll(SoftAssert.java:46)
	at org.testng.asserts.SoftAssert.assertAll(SoftAssert.java:30)
	at com.framework.utils.SoftAssertManager.assertAll(SoftAssertManager.java:103)
	at com.framework.stepdefinitions.Hooks.tearDown(Hooks.java:31)
]]></failure>
    <system-out><![CDATA[      java.lang.AssertionError: The following asserts failed:
	Dashboard page is not visible expected [true] but found [false]
	at org.testng.asserts.SoftAssert.assertAll(SoftAssert.java:46)
	at org.testng.asserts.SoftAssert.assertAll(SoftAssert.java:30)
	at com.framework.utils.SoftAssertManager.assertAll(SoftAssertManager.java:103)
	at com.framework.stepdefinitions.Hooks.tearDown(Hooks.java:31)

]]></system-out>
  </testcase>
  <testcase name="runScenario[&quot;Verify login functionality for valid credentials&quot;, &quot;Login Page OrangeHRM&quot;](4)" classname="com.framework.runners.TestRunner" time="38.93"/>
</testsuite>